<?xml version="1.0" encoding="UTF-8"?>
<coverage generated="1749797236627" clover="3.2.0">
  <project timestamp="1749797236628" name="All files">
    <metrics statements="92" coveredstatements="64" conditionals="34" coveredconditionals="20" methods="11" coveredmethods="8" elements="137" coveredelements="92" complexity="0" loc="92" ncloc="92" packages="1" files="1" classes="1"/>
    <file name="app.js" path="/home/runner/work/ghcp-demo-insurance/ghcp-demo-insurance/backend-nodejs/app.js">
      <metrics statements="92" coveredstatements="64" conditionals="34" coveredconditionals="20" methods="11" coveredmethods="8"/>
      <line num="1" count="1" type="stmt"/>
      <line num="2" count="1" type="stmt"/>
      <line num="3" count="1" type="stmt"/>
      <line num="4" count="1" type="stmt"/>
      <line num="5" count="1" type="stmt"/>
      <line num="7" count="1" type="stmt"/>
      <line num="8" count="1" type="cond" truecount="1" falsecount="1"/>
      <line num="12" count="1" type="cond" truecount="1" falsecount="1"/>
      <line num="15" count="1" type="cond" truecount="1" falsecount="1"/>
      <line num="16" count="1" type="stmt"/>
      <line num="21" count="0" type="cond" truecount="0" falsecount="2"/>
      <line num="23" count="0" type="stmt"/>
      <line num="24" count="0" type="stmt"/>
      <line num="38" count="0" type="stmt"/>
      <line num="46" count="1" type="stmt"/>
      <line num="49" count="1" type="stmt"/>
      <line num="50" count="1" type="stmt"/>
      <line num="53" count="1" type="stmt"/>
      <line num="112" count="26" type="stmt"/>
      <line num="118" count="26" type="stmt"/>
      <line num="119" count="26" type="stmt"/>
      <line num="120" count="26" type="cond" truecount="2" falsecount="0"/>
      <line num="124" count="26" type="cond" truecount="2" falsecount="0"/>
      <line num="125" count="2" type="stmt"/>
      <line num="126" count="24" type="cond" truecount="2" falsecount="0"/>
      <line num="127" count="17" type="stmt"/>
      <line num="128" count="7" type="cond" truecount="2" falsecount="0"/>
      <line num="129" count="3" type="stmt"/>
      <line num="131" count="4" type="stmt"/>
      <line num="135" count="26" type="stmt"/>
      <line num="136" count="26" type="stmt"/>
      <line num="141" count="1" type="stmt"/>
      <line num="142" count="14" type="stmt"/>
      <line num="143" count="14" type="stmt"/>
      <line num="146" count="14" type="stmt"/>
      <line num="150" count="14" type="stmt"/>
      <line num="159" count="13" type="stmt"/>
      <line num="176" count="1" type="stmt"/>
      <line num="181" count="1" type="stmt"/>
      <line num="182" count="3" type="stmt"/>
      <line num="183" count="3" type="stmt"/>
      <line num="185" count="4" type="stmt"/>
      <line num="199" count="3" type="stmt"/>
      <line num="201" count="0" type="stmt"/>
      <line num="202" count="0" type="stmt"/>
      <line num="207" count="1" type="stmt"/>
      <line num="208" count="3" type="stmt"/>
      <line num="209" count="3" type="stmt"/>
      <line num="211" count="3" type="cond" truecount="2" falsecount="0"/>
      <line num="212" count="2" type="stmt"/>
      <line num="215" count="1" type="stmt"/>
      <line num="229" count="0" type="stmt"/>
      <line num="234" count="1" type="stmt"/>
      <line num="235" count="2" type="stmt"/>
      <line num="236" count="2" type="stmt"/>
      <line num="238" count="2" type="cond" truecount="2" falsecount="0"/>
      <line num="239" count="1" type="stmt"/>
      <line num="242" count="1" type="stmt"/>
      <line num="243" count="1" type="stmt"/>
      <line num="257" count="0" type="stmt"/>
      <line num="261" count="1" type="stmt"/>
      <line num="262" count="0" type="stmt"/>
      <line num="263" count="0" type="stmt"/>
      <line num="265" count="0" type="cond" truecount="0" falsecount="2"/>
      <line num="266" count="0" type="stmt"/>
      <line num="269" count="0" type="stmt"/>
      <line num="270" count="0" type="stmt"/>
      <line num="272" count="0" type="stmt"/>
      <line num="286" count="0" type="stmt"/>
      <line num="291" count="1" type="stmt"/>
      <line num="292" count="2" type="stmt"/>
      <line num="293" count="2" type="stmt"/>
      <line num="295" count="2" type="cond" truecount="2" falsecount="0"/>
      <line num="296" count="1" type="stmt"/>
      <line num="299" count="1" type="stmt"/>
      <line num="301" count="1" type="stmt"/>
      <line num="303" count="0" type="stmt"/>
      <line num="308" count="1" type="stmt"/>
      <line num="309" count="2" type="stmt"/>
      <line num="314" count="0" type="stmt"/>
      <line num="316" count="0" type="stmt"/>
      <line num="317" count="0" type="stmt"/>
      <line num="318" count="0" type="cond" truecount="0" falsecount="2"/>
      <line num="319" count="0" type="stmt"/>
      <line num="323" count="0" type="stmt"/>
      <line num="324" count="0" type="stmt"/>
      <line num="326" count="0" type="stmt"/>
      <line num="327" count="0" type="stmt"/>
      <line num="330" count="0" type="stmt"/>
      <line num="335" count="1" type="stmt"/>
      <line num="338" count="1" type="cond" truecount="1" falsecount="1"/>
      <line num="339" count="0" type="stmt"/>
    </file>
  </project>
</coverage>
