{"/home/runner/work/ghcp-demo-insurance/ghcp-demo-insurance/backend-nodejs/app.js": {"path":"/home/runner/work/ghcp-demo-insurance/ghcp-demo-insurance/backend-nodejs/app.js","statementMap":{"0":{"start":{"line":1,"column":16},"end":{"line":1,"column":34}},"1":{"start":{"line":2,"column":13},"end":{"line":2,"column":28}},"2":{"start":{"line":3,"column":33},"end":{"line":3,"column":53}},"3":{"start":{"line":4,"column":13},"end":{"line":4,"column":28}},"4":{"start":{"line":5,"column":0},"end":{"line":5,"column":27}},"5":{"start":{"line":7,"column":12},"end":{"line":7,"column":21}},"6":{"start":{"line":8,"column":13},"end":{"line":8,"column":37}},"7":{"start":{"line":12,"column":15},"end":{"line":12,"column":52}},"8":{"start":{"line":15,"column":0},"end":{"line":43,"column":1}},"9":{"start":{"line":16,"column":2},"end":{"line":20,"column":4}},"10":{"start":{"line":21,"column":7},"end":{"line":43,"column":1}},"11":{"start":{"line":23,"column":16},"end":{"line":23,"column":177}},"12":{"start":{"line":24,"column":2},"end":{"line":35,"column":4}},"13":{"start":{"line":38,"column":2},"end":{"line":42,"column":4}},"14":{"start":{"line":46,"column":18},"end":{"line":46,"column":48}},"15":{"start":{"line":49,"column":0},"end":{"line":49,"column":16}},"16":{"start":{"line":50,"column":0},"end":{"line":50,"column":24}},"17":{"start":{"line":53,"column":14},"end":{"line":107,"column":2}},"18":{"start":{"line":112,"column":20},"end":{"line":116,"column":3}},"19":{"start":{"line":118,"column":19},"end":{"line":118,"column":43}},"20":{"start":{"line":119,"column":17},"end":{"line":119,"column":30}},"21":{"start":{"line":120,"column":19},"end":{"line":120,"column":52}},"22":{"start":{"line":124,"column":2},"end":{"line":132,"column":3}},"23":{"start":{"line":125,"column":4},"end":{"line":125,"column":20}},"24":{"start":{"line":126,"column":9},"end":{"line":132,"column":3}},"25":{"start":{"line":127,"column":4},"end":{"line":127,"column":20}},"26":{"start":{"line":128,"column":9},"end":{"line":132,"column":3}},"27":{"start":{"line":129,"column":4},"end":{"line":129,"column":20}},"28":{"start":{"line":131,"column":4},"end":{"line":131,"column":20}},"29":{"start":{"line":135,"column":18},"end":{"line":135,"column":54}},"30":{"start":{"line":136,"column":2},"end":{"line":136,"column":41}},"31":{"start":{"line":141,"column":0},"end":{"line":178,"column":3}},"32":{"start":{"line":142,"column":2},"end":{"line":177,"column":3}},"33":{"start":{"line":143,"column":17},"end":{"line":143,"column":25}},"34":{"start":{"line":146,"column":20},"end":{"line":150,"column":5}},"35":{"start":{"line":150,"column":21},"end":{"line":159,"column":6}},"36":{"start":{"line":159,"column":8},"end":{"line":174,"column":7}},"37":{"start":{"line":176,"column":4},"end":{"line":176,"column":51}},"38":{"start":{"line":181,"column":0},"end":{"line":204,"column":3}},"39":{"start":{"line":182,"column":2},"end":{"line":203,"column":3}},"40":{"start":{"line":183,"column":19},"end":{"line":185,"column":6}},"41":{"start":{"line":185,"column":27},"end":{"line":197,"column":7}},"42":{"start":{"line":185,"column":48},"end":{"line":197,"column":5}},"43":{"start":{"line":199,"column":4},"end":{"line":199,"column":25}},"44":{"start":{"line":201,"column":4},"end":{"line":201,"column":51}},"45":{"start":{"line":202,"column":4},"end":{"line":202,"column":51}},"46":{"start":{"line":207,"column":0},"end":{"line":231,"column":3}},"47":{"start":{"line":208,"column":2},"end":{"line":230,"column":3}},"48":{"start":{"line":209,"column":18},"end":{"line":209,"column":53}},"49":{"start":{"line":211,"column":4},"end":{"line":213,"column":5}},"50":{"start":{"line":212,"column":6},"end":{"line":212,"column":64}},"51":{"start":{"line":215,"column":4},"end":{"line":227,"column":7}},"52":{"start":{"line":229,"column":4},"end":{"line":229,"column":51}},"53":{"start":{"line":234,"column":0},"end":{"line":259,"column":3}},"54":{"start":{"line":235,"column":2},"end":{"line":258,"column":3}},"55":{"start":{"line":236,"column":18},"end":{"line":236,"column":53}},"56":{"start":{"line":238,"column":4},"end":{"line":240,"column":5}},"57":{"start":{"line":239,"column":6},"end":{"line":239,"column":64}},"58":{"start":{"line":242,"column":4},"end":{"line":242,"column":35}},"59":{"start":{"line":243,"column":4},"end":{"line":243,"column":23}},"60":{"start":{"line":243,"column":24},"end":{"line":255,"column":7}},"61":{"start":{"line":257,"column":4},"end":{"line":257,"column":51}},"62":{"start":{"line":261,"column":0},"end":{"line":288,"column":3}},"63":{"start":{"line":262,"column":2},"end":{"line":287,"column":3}},"64":{"start":{"line":263,"column":18},"end":{"line":263,"column":53}},"65":{"start":{"line":265,"column":4},"end":{"line":267,"column":5}},"66":{"start":{"line":266,"column":6},"end":{"line":266,"column":64}},"67":{"start":{"line":269,"column":4},"end":{"line":269,"column":35}},"68":{"start":{"line":270,"column":4},"end":{"line":270,"column":23}},"69":{"start":{"line":272,"column":4},"end":{"line":284,"column":7}},"70":{"start":{"line":286,"column":4},"end":{"line":286,"column":51}},"71":{"start":{"line":291,"column":0},"end":{"line":305,"column":3}},"72":{"start":{"line":292,"column":2},"end":{"line":304,"column":3}},"73":{"start":{"line":293,"column":18},"end":{"line":293,"column":53}},"74":{"start":{"line":295,"column":4},"end":{"line":297,"column":5}},"75":{"start":{"line":296,"column":6},"end":{"line":296,"column":64}},"76":{"start":{"line":299,"column":4},"end":{"line":299,"column":26}},"77":{"start":{"line":301,"column":4},"end":{"line":301,"column":56}},"78":{"start":{"line":303,"column":4},"end":{"line":303,"column":51}},"79":{"start":{"line":308,"column":0},"end":{"line":310,"column":3}},"80":{"start":{"line":309,"column":2},"end":{"line":309,"column":34}},"81":{"start":{"line":314,"column":2},"end":{"line":331,"column":3}},"82":{"start":{"line":316,"column":15},"end":{"line":316,"column":28}},"83":{"start":{"line":317,"column":24},"end":{"line":317,"column":56}},"84":{"start":{"line":318,"column":4},"end":{"line":320,"column":5}},"85":{"start":{"line":319,"column":6},"end":{"line":319,"column":53}},"86":{"start":{"line":323,"column":4},"end":{"line":323,"column":27}},"87":{"start":{"line":324,"column":4},"end":{"line":324,"column":48}},"88":{"start":{"line":326,"column":4},"end":{"line":328,"column":7}},"89":{"start":{"line":327,"column":6},"end":{"line":327,"column":64}},"90":{"start":{"line":330,"column":4},"end":{"line":330,"column":52}},"91":{"start":{"line":335,"column":0},"end":{"line":335,"column":61}},"92":{"start":{"line":338,"column":0},"end":{"line":340,"column":1}},"93":{"start":{"line":339,"column":2},"end":{"line":339,"column":16}}},"fnMap":{"0":{"name":"calculatePremium","decl":{"start":{"line":110,"column":9},"end":{"line":110,"column":25}},"loc":{"start":{"line":110,"column":62},"end":{"line":137,"column":1}},"line":110},"1":{"name":"(anonymous_1)","decl":{"start":{"line":141,"column":23},"end":{"line":141,"column":24}},"loc":{"start":{"line":141,"column":43},"end":{"line":178,"column":1}},"line":141},"2":{"name":"(anonymous_2)","decl":{"start":{"line":181,"column":23},"end":{"line":181,"column":24}},"loc":{"start":{"line":181,"column":43},"end":{"line":204,"column":1}},"line":181},"3":{"name":"(anonymous_3)","decl":{"start":{"line":185,"column":38},"end":{"line":185,"column":39}},"loc":{"start":{"line":185,"column":48},"end":{"line":197,"column":5}},"line":185},"4":{"name":"(anonymous_4)","decl":{"start":{"line":207,"column":26},"end":{"line":207,"column":27}},"loc":{"start":{"line":207,"column":46},"end":{"line":231,"column":1}},"line":207},"5":{"name":"(anonymous_5)","decl":{"start":{"line":234,"column":33},"end":{"line":234,"column":34}},"loc":{"start":{"line":234,"column":53},"end":{"line":259,"column":1}},"line":234},"6":{"name":"(anonymous_6)","decl":{"start":{"line":261,"column":34},"end":{"line":261,"column":35}},"loc":{"start":{"line":261,"column":54},"end":{"line":288,"column":1}},"line":261},"7":{"name":"(anonymous_7)","decl":{"start":{"line":291,"column":30},"end":{"line":291,"column":31}},"loc":{"start":{"line":291,"column":50},"end":{"line":305,"column":1}},"line":291},"8":{"name":"(anonymous_8)","decl":{"start":{"line":308,"column":23},"end":{"line":308,"column":24}},"loc":{"start":{"line":308,"column":37},"end":{"line":310,"column":1}},"line":308},"9":{"name":"startServer","decl":{"start":{"line":313,"column":15},"end":{"line":313,"column":26}},"loc":{"start":{"line":313,"column":29},"end":{"line":332,"column":1}},"line":313},"10":{"name":"(anonymous_10)","decl":{"start":{"line":326,"column":21},"end":{"line":326,"column":22}},"loc":{"start":{"line":326,"column":27},"end":{"line":328,"column":5}},"line":326}},"branchMap":{"0":{"loc":{"start":{"line":8,"column":13},"end":{"line":8,"column":37}},"type":"binary-expr","locations":[{"start":{"line":8,"column":13},"end":{"line":8,"column":29}},{"start":{"line":8,"column":33},"end":{"line":8,"column":37}}],"line":8},"1":{"loc":{"start":{"line":12,"column":15},"end":{"line":12,"column":52}},"type":"binary-expr","locations":[{"start":{"line":12,"column":15},"end":{"line":12,"column":40}},{"start":{"line":12,"column":44},"end":{"line":12,"column":52}}],"line":12},"2":{"loc":{"start":{"line":15,"column":0},"end":{"line":43,"column":1}},"type":"if","locations":[{"start":{"line":15,"column":0},"end":{"line":43,"column":1}},{"start":{"line":21,"column":7},"end":{"line":43,"column":1}}],"line":15},"3":{"loc":{"start":{"line":21,"column":7},"end":{"line":43,"column":1}},"type":"if","locations":[{"start":{"line":21,"column":7},"end":{"line":43,"column":1}},{"start":{"line":36,"column":7},"end":{"line":43,"column":1}}],"line":21},"4":{"loc":{"start":{"line":40,"column":13},"end":{"line":40,"column":123}},"type":"binary-expr","locations":[{"start":{"line":40,"column":13},"end":{"line":40,"column":71}},{"start":{"line":40,"column":75},"end":{"line":40,"column":123}}],"line":40},"5":{"loc":{"start":{"line":120,"column":19},"end":{"line":120,"column":52}},"type":"binary-expr","locations":[{"start":{"line":120,"column":19},"end":{"line":120,"column":43}},{"start":{"line":120,"column":47},"end":{"line":120,"column":52}}],"line":120},"6":{"loc":{"start":{"line":124,"column":2},"end":{"line":132,"column":3}},"type":"if","locations":[{"start":{"line":124,"column":2},"end":{"line":132,"column":3}},{"start":{"line":126,"column":9},"end":{"line":132,"column":3}}],"line":124},"7":{"loc":{"start":{"line":126,"column":9},"end":{"line":132,"column":3}},"type":"if","locations":[{"start":{"line":126,"column":9},"end":{"line":132,"column":3}},{"start":{"line":128,"column":9},"end":{"line":132,"column":3}}],"line":126},"8":{"loc":{"start":{"line":128,"column":9},"end":{"line":132,"column":3}},"type":"if","locations":[{"start":{"line":128,"column":9},"end":{"line":132,"column":3}},{"start":{"line":130,"column":9},"end":{"line":132,"column":3}}],"line":128},"9":{"loc":{"start":{"line":194,"column":15},"end":{"line":194,"column":88}},"type":"cond-expr","locations":[{"start":{"line":194,"column":51},"end":{"line":194,"column":72}},{"start":{"line":194,"column":75},"end":{"line":194,"column":88}}],"line":194},"10":{"loc":{"start":{"line":196,"column":17},"end":{"line":196,"column":71}},"type":"cond-expr","locations":[{"start":{"line":196,"column":35},"end":{"line":196,"column":64}},{"start":{"line":196,"column":67},"end":{"line":196,"column":71}}],"line":196},"11":{"loc":{"start":{"line":211,"column":4},"end":{"line":213,"column":5}},"type":"if","locations":[{"start":{"line":211,"column":4},"end":{"line":213,"column":5}},{"start":{},"end":{}}],"line":211},"12":{"loc":{"start":{"line":238,"column":4},"end":{"line":240,"column":5}},"type":"if","locations":[{"start":{"line":238,"column":4},"end":{"line":240,"column":5}},{"start":{},"end":{}}],"line":238},"13":{"loc":{"start":{"line":265,"column":4},"end":{"line":267,"column":5}},"type":"if","locations":[{"start":{"line":265,"column":4},"end":{"line":267,"column":5}},{"start":{},"end":{}}],"line":265},"14":{"loc":{"start":{"line":295,"column":4},"end":{"line":297,"column":5}},"type":"if","locations":[{"start":{"line":295,"column":4},"end":{"line":297,"column":5}},{"start":{},"end":{}}],"line":295},"15":{"loc":{"start":{"line":318,"column":4},"end":{"line":320,"column":5}},"type":"if","locations":[{"start":{"line":318,"column":4},"end":{"line":320,"column":5}},{"start":{},"end":{}}],"line":318},"16":{"loc":{"start":{"line":338,"column":0},"end":{"line":340,"column":1}},"type":"if","locations":[{"start":{"line":338,"column":0},"end":{"line":340,"column":1}},{"start":{},"end":{}}],"line":338}},"s":{"0":1,"1":1,"2":1,"3":1,"4":1,"5":1,"6":1,"7":1,"8":1,"9":1,"10":0,"11":0,"12":0,"13":0,"14":1,"15":1,"16":1,"17":1,"18":26,"19":26,"20":26,"21":26,"22":26,"23":2,"24":24,"25":17,"26":7,"27":3,"28":4,"29":26,"30":26,"31":1,"32":14,"33":14,"34":14,"35":14,"36":13,"37":1,"38":1,"39":3,"40":3,"41":3,"42":4,"43":3,"44":0,"45":0,"46":1,"47":3,"48":3,"49":3,"50":2,"51":1,"52":0,"53":1,"54":2,"55":2,"56":2,"57":1,"58":1,"59":1,"60":1,"61":0,"62":1,"63":0,"64":0,"65":0,"66":0,"67":0,"68":0,"69":0,"70":0,"71":1,"72":2,"73":2,"74":2,"75":1,"76":1,"77":1,"78":0,"79":1,"80":2,"81":0,"82":0,"83":0,"84":0,"85":0,"86":0,"87":0,"88":0,"89":0,"90":0,"91":1,"92":1,"93":0},"f":{"0":26,"1":14,"2":3,"3":4,"4":3,"5":2,"6":0,"7":2,"8":2,"9":0,"10":0},"b":{"0":[1,0],"1":[1,0],"2":[1,0],"3":[0,0],"4":[0,0],"5":[26,7],"6":[2,24],"7":[17,7],"8":[3,4],"9":[0,4],"10":[4,0],"11":[2,1],"12":[1,1],"13":[0,0],"14":[1,1],"15":[0,0],"16":[0,1]},"_coverageSchema":"1a1c01bbd47fc00a2c39e90264f33305004495a9","hash":"bac42a68be6274c053d47666d1d21888c5afa1cc"}
}
