TN:
SF:app.js
FN:110,calculatePremium
FN:141,(anonymous_1)
FN:181,(anonymous_2)
FN:185,(anonymous_3)
FN:207,(anonymous_4)
FN:234,(anonymous_5)
FN:261,(anonymous_6)
FN:291,(anonymous_7)
FN:308,(anonymous_8)
FN:313,startServer
FN:326,(anonymous_10)
FNF:11
FNH:8
FNDA:26,calculatePremium
FNDA:14,(anonymous_1)
FNDA:3,(anonymous_2)
FNDA:4,(anonymous_3)
FNDA:3,(anonymous_4)
FNDA:2,(anonymous_5)
FNDA:0,(anonymous_6)
FNDA:2,(anonymous_7)
FNDA:2,(anonymous_8)
FNDA:0,startServer
FNDA:0,(anonymous_10)
DA:1,1
DA:2,1
DA:3,1
DA:4,1
DA:5,1
DA:7,1
DA:8,1
DA:12,1
DA:15,1
DA:16,1
DA:21,0
DA:23,0
DA:24,0
DA:38,0
DA:46,1
DA:49,1
DA:50,1
DA:53,1
DA:112,26
DA:118,26
DA:119,26
DA:120,26
DA:124,26
DA:125,2
DA:126,24
DA:127,17
DA:128,7
DA:129,3
DA:131,4
DA:135,26
DA:136,26
DA:141,1
DA:142,14
DA:143,14
DA:146,14
DA:150,14
DA:159,13
DA:176,1
DA:181,1
DA:182,3
DA:183,3
DA:185,4
DA:199,3
DA:201,0
DA:202,0
DA:207,1
DA:208,3
DA:209,3
DA:211,3
DA:212,2
DA:215,1
DA:229,0
DA:234,1
DA:235,2
DA:236,2
DA:238,2
DA:239,1
DA:242,1
DA:243,1
DA:257,0
DA:261,1
DA:262,0
DA:263,0
DA:265,0
DA:266,0
DA:269,0
DA:270,0
DA:272,0
DA:286,0
DA:291,1
DA:292,2
DA:293,2
DA:295,2
DA:296,1
DA:299,1
DA:301,1
DA:303,0
DA:308,1
DA:309,2
DA:314,0
DA:316,0
DA:317,0
DA:318,0
DA:319,0
DA:323,0
DA:324,0
DA:326,0
DA:327,0
DA:330,0
DA:335,1
DA:338,1
DA:339,0
LF:92
LH:64
BRDA:8,0,0,1
BRDA:8,0,1,0
BRDA:12,1,0,1
BRDA:12,1,1,0
BRDA:15,2,0,1
BRDA:15,2,1,0
BRDA:21,3,0,0
BRDA:21,3,1,0
BRDA:40,4,0,0
BRDA:40,4,1,0
BRDA:120,5,0,26
BRDA:120,5,1,7
BRDA:124,6,0,2
BRDA:124,6,1,24
BRDA:126,7,0,17
BRDA:126,7,1,7
BRDA:128,8,0,3
BRDA:128,8,1,4
BRDA:194,9,0,0
BRDA:194,9,1,4
BRDA:196,10,0,4
BRDA:196,10,1,0
BRDA:211,11,0,2
BRDA:211,11,1,1
BRDA:238,12,0,1
BRDA:238,12,1,1
BRDA:265,13,0,0
BRDA:265,13,1,0
BRDA:295,14,0,1
BRDA:295,14,1,1
BRDA:318,15,0,0
BRDA:318,15,1,0
BRDA:338,16,0,0
BRDA:338,16,1,1
BRF:34
BRH:20
end_of_record
